<?xml version="1.0" encoding="UTF-8"?>
<!-- Generated by org.testng.reporters.JUnitReportReporter -->
<testsuite name="testcases.TestCaseOne" tests="2" time="43.704" ignored="0" failures="0" timestamp="31 Dec 2018 17:41:39 GMT" skipped="0" hostname="LAPTOP-2KHHSKJ5" errors="0">
  <testcase name="herbalteaTest" time="25.713" classname="testcases.TestCaseOne"/>
  <testcase name="titleTest" time="17.991" classname="testcases.TestCaseOne"/>
</testsuite> <!-- testcases.TestCaseOne -->
